User logged in.
User logged in.
User logged in.
User logged in.
User logged in.
User logged in.
User logged in.
User logged in.
User logged in.
User logged in.
User logged in.
User logged in.
User logged in.
User logged in.
User logged in.
User logged in.
User logged in.
User logged in.
User logged in as a boss
User logged in.
User logged in.
User logged in as a boss
User logged in.
User logged in.
User logged in as a boss
User logged in.
User logged in as a customer
User logged in.
User logged in.
User logged in as a customer
User logged in.
User logged in as a customer
User logged in.
User logged in as a employee
User logged in.
2019-11-18 15:10:14 INFO  MainDriver:90 - User logged in.
2019-11-18 15:10:40 INFO  MainDriver:100 - User logged in as a customer
2019-11-18 15:14:14 INFO  MainDriver:90 - User logged in.
2019-11-18 15:14:17 INFO  MainDriver:90 - User logged in.
2019-11-18 15:14:20 INFO  MainDriver:105 - User logged in as a employee
2019-11-18 15:51:19 INFO  MainDriver:90 - User logged in.
2019-11-18 15:51:21 INFO  MainDriver:101 - User logged in as a customer
2019-11-18 15:51:26 INFO  Customer:51 - User chose to see how rich they are
2019-11-18 15:51:31 INFO  Customer:37 - User chose to withdraw
2019-11-18 15:51:32 INFO  Customer:135 - User withdrew £20.0
2019-11-18 15:51:36 INFO  MainDriver:103 - User logged out of customer menu
2019-11-18 15:54:09 INFO  MainDriver:90 - User logged in.
2019-11-18 15:54:11 INFO  MainDriver:101 - User logged in as a customer
2019-11-18 15:54:13 INFO  Customer:66 - User chose to create a single account.
2019-11-18 15:54:14 INFO  MainDriver:103 - User logged out of customer menu
2019-11-18 16:12:53 INFO  MainDriver:90 - User logged in.
2019-11-18 16:12:54 INFO  MainDriver:101 - User logged in as a customer
2019-11-18 16:13:00 INFO  Customer:51 - User chose to see how rich they are
2019-11-18 16:13:05 INFO  Customer:37 - User chose to withdraw
2019-11-18 16:13:06 INFO  Customer:139 - Ha, the user is poor
2019-11-18 16:13:09 INFO  Customer:137 - User withdrew £50.0 from ab
2019-11-18 16:13:12 INFO  MainDriver:103 - User logged out of customer menu
2019-11-18 16:22:43 INFO  MainDriver:90 - User logged in.
2019-11-18 16:22:45 INFO  MainDriver:111 - User logged in as a boss
2019-11-18 16:22:47 INFO  BankAdmin:27 - User successfully logged in as an admin
2019-11-18 16:23:02 INFO  Customer:152 - User has deposited in £100.0 to ab
2019-11-18 16:23:10 INFO  MainDriver:113 - User logged out of admin menu
2019-11-18 17:25:59 INFO  MainDriver:90 - User logged in.
2019-11-18 17:25:59 INFO  MainDriver:90 - User logged in.
2019-11-18 17:26:45 INFO  MainDriver:90 - User logged in.
2019-11-18 17:26:47 INFO  MainDriver:101 - User logged in as a customer
2019-11-18 17:26:59 INFO  Customer:37 - User chose to withdraw
2019-11-18 17:27:02 INFO  MainDriver:119 - User input an invalid data type
2019-11-18 17:27:02 INFO  MainDriver:90 - User logged in.
2019-11-18 19:02:48 INFO  MainDriver:90 - User logged in.
2019-11-18 19:02:53 INFO  MainDriver:101 - User logged in as a customer
2019-11-18 19:02:58 INFO  Customer:70 - User chose to attempt to create a joint account
2019-11-18 19:03:12 INFO  MainDriver:103 - User logged out of customer menu
2019-11-18 19:03:15 INFO  MainDriver:90 - User logged in.
2019-11-18 19:03:25 INFO  MainDriver:106 - User logged in as a employee
2019-11-18 19:14:27 INFO  Employee:75 - Pending accounts have been approved
2019-11-18 19:26:30 INFO  MainDriver:90 - User logged in.
2019-11-18 19:26:33 INFO  MainDriver:111 - User logged in as a boss
2019-11-18 19:26:35 INFO  BankAdmin:27 - User successfully logged in as an admin
2019-11-18 19:26:41 INFO  BankAdmin:94 - a has been removed from the bank
2019-11-18 19:26:51 INFO  BankAdmin:94 - a has been removed from the bank
2019-11-18 19:27:28 INFO  BankAdmin:94 - e has been removed from the bank
2019-11-18 19:27:33 INFO  MainDriver:113 - User logged out of admin menu
2019-11-18 19:27:45 INFO  MainDriver:90 - User logged in.
2019-11-18 19:27:48 INFO  MainDriver:101 - User logged in as a customer
2019-11-18 19:27:51 INFO  Customer:70 - User chose to attempt to create a joint account
2019-11-18 19:27:57 INFO  Customer:129 - User failed in creating account, same username as a previos account
2019-11-18 19:27:57 INFO  MainDriver:103 - User logged out of customer menu
2019-11-18 19:28:11 INFO  MainDriver:90 - User logged in.
2019-11-18 19:28:13 INFO  MainDriver:106 - User logged in as a employee
2019-11-18 19:51:37 INFO  MainDriver:90 - User logged in.
2019-11-18 19:51:40 INFO  MainDriver:106 - User logged in as a employee
2019-11-18 19:51:59 INFO  MainDriver:108 - User logged out of employee menu
2019-11-18 19:52:03 INFO  MainDriver:90 - User logged in.
2019-11-18 19:52:04 INFO  MainDriver:101 - User logged in as a customer
2019-11-18 19:52:13 INFO  Customer:70 - User chose to attempt to create a joint account
2019-11-18 19:52:22 INFO  MainDriver:103 - User logged out of customer menu
2019-11-18 19:52:24 INFO  MainDriver:90 - User logged in.
2019-11-18 19:52:25 INFO  MainDriver:106 - User logged in as a employee
2019-11-18 19:52:36 INFO  Employee:76 - Pending accounts have been approved
2019-11-18 19:58:39 INFO  MainDriver:108 - User logged out of employee menu
2019-11-18 19:58:41 INFO  MainDriver:90 - User logged in.
2019-11-18 19:58:43 INFO  MainDriver:101 - User logged in as a customer
2019-11-18 19:58:47 INFO  Customer:70 - User chose to attempt to create a joint account
2019-11-18 19:58:56 INFO  MainDriver:103 - User logged out of customer menu
2019-11-18 19:58:59 INFO  MainDriver:90 - User logged in.
2019-11-18 19:59:01 INFO  MainDriver:106 - User logged in as a employee
2019-11-18 19:59:09 INFO  Employee:76 - Pending accounts have been approved
2019-11-18 20:04:25 INFO  MainDriver:90 - User logged in.
2019-11-18 20:04:28 INFO  MainDriver:101 - User logged in as a customer
2019-11-18 20:04:36 INFO  Customer:70 - User chose to attempt to create a joint account
2019-11-18 20:04:40 INFO  Customer:129 - User failed in creating account, same username as a previos account
2019-11-18 20:04:40 INFO  MainDriver:103 - User logged out of customer menu
2019-11-18 20:04:45 INFO  MainDriver:90 - User logged in.
2019-11-18 20:04:47 INFO  MainDriver:101 - User logged in as a customer
2019-11-18 20:04:50 INFO  Customer:70 - User chose to attempt to create a joint account
2019-11-18 20:05:05 INFO  MainDriver:103 - User logged out of customer menu
2019-11-18 20:05:07 INFO  MainDriver:90 - User logged in.
2019-11-18 20:05:08 INFO  MainDriver:106 - User logged in as a employee
2019-11-18 20:08:43 INFO  Employee:76 - Pending accounts have been approved
2019-11-18 20:09:00 INFO  MainDriver:108 - User logged out of employee menu
2019-11-24 23:05:21 INFO  MainDriver:90 - User logged in.
2019-11-24 23:05:23 INFO  MainDriver:106 - User logged in as a employee
2019-11-24 23:05:41 INFO  MainDriver:108 - User logged out of employee menu
2019-11-24 23:06:44 INFO  MainDriver:90 - User logged in.
2019-11-24 23:06:47 INFO  MainDriver:106 - User logged in as a employee
2019-11-24 23:07:42 INFO  MainDriver:108 - User logged out of employee menu
2019-11-24 23:09:10 INFO  MainDriver:90 - User logged in.
2019-11-24 23:09:13 INFO  MainDriver:106 - User logged in as a employee
2019-11-24 23:09:35 INFO  MainDriver:108 - User logged out of employee menu
2019-11-24 23:16:25 INFO  MainDriver:90 - User logged in.
2019-11-24 23:16:27 INFO  MainDriver:106 - User logged in as a employee
2019-11-24 23:21:25 INFO  MainDriver:108 - User logged out of employee menu
2019-11-24 23:28:25 INFO  MainDriver:90 - User logged in.
2019-11-24 23:28:27 INFO  MainDriver:101 - User logged in as a customer
2019-11-24 23:28:31 INFO  Customer:66 - User chose to attempt to create a single account.
2019-11-24 23:28:35 INFO  Customer:102 - Pending account succesfully created by user
2019-11-24 23:28:35 INFO  MainDriver:103 - User logged out of customer menu
2019-11-24 23:28:39 INFO  MainDriver:90 - User logged in.
2019-11-24 23:28:44 INFO  MainDriver:106 - User logged in as a employee
2019-11-24 23:28:54 INFO  Employee:81 - Pending accounts have been approved
2019-11-24 23:30:37 INFO  MainDriver:108 - User logged out of employee menu
2019-11-24 23:30:38 INFO  MainDriver:90 - User logged in.
2019-11-24 23:30:55 INFO  MainDriver:101 - User logged in as a customer
2019-11-24 23:30:58 INFO  Customer:70 - User chose to attempt to create a joint account
2019-11-24 23:31:05 INFO  Customer:124 - User failed in creating account, same username as a previos account
2019-11-24 23:31:05 INFO  MainDriver:103 - User logged out of customer menu
2019-11-24 23:31:12 INFO  MainDriver:90 - User logged in.
2019-11-24 23:31:15 INFO  MainDriver:101 - User logged in as a customer
2019-11-24 23:31:22 INFO  Customer:70 - User chose to attempt to create a joint account
2019-11-24 23:31:33 INFO  MainDriver:103 - User logged out of customer menu
2019-11-24 23:31:36 INFO  MainDriver:90 - User logged in.
2019-11-24 23:31:39 INFO  MainDriver:106 - User logged in as a employee
2019-11-24 23:31:51 INFO  Employee:81 - Pending accounts have been approved
2019-11-24 23:31:54 INFO  MainDriver:108 - User logged out of employee menu
2019-11-24 23:31:57 INFO  MainDriver:90 - User logged in.
2019-11-24 23:31:58 INFO  MainDriver:106 - User logged in as a employee
2019-11-24 23:36:44 INFO  MainDriver:108 - User logged out of employee menu
2019-11-24 23:40:57 INFO  MainDriver:90 - User logged in.
2019-11-24 23:40:59 INFO  MainDriver:101 - User logged in as a customer
2019-11-24 23:41:02 INFO  Customer:70 - User chose to attempt to create a joint account
2019-11-24 23:41:12 INFO  MainDriver:103 - User logged out of customer menu
2019-11-24 23:41:14 INFO  MainDriver:90 - User logged in.
2019-11-24 23:41:15 INFO  MainDriver:106 - User logged in as a employee
2019-11-24 23:41:24 INFO  Employee:81 - Pending accounts have been approved
2019-11-24 23:41:47 INFO  MainDriver:108 - User logged out of employee menu
2019-11-24 23:50:30 INFO  MainDriver:90 - User logged in.
2019-11-24 23:50:33 INFO  MainDriver:106 - User logged in as a employee
2019-11-24 23:58:12 INFO  MainDriver:90 - User logged in.
2019-11-24 23:58:14 INFO  MainDriver:106 - User logged in as a employee
2019-11-24 23:58:35 INFO  MainDriver:108 - User logged out of employee menu
2019-11-24 23:58:44 INFO  MainDriver:90 - User logged in.
2019-11-24 23:58:46 INFO  MainDriver:101 - User logged in as a customer
2019-11-24 23:58:50 INFO  MainDriver:103 - User logged out of customer menu
2019-11-25 00:03:51 INFO  MainDriver:90 - User logged in.
2019-11-25 00:03:53 INFO  MainDriver:101 - User logged in as a customer
2019-11-25 00:04:08 INFO  Customer:39 - User chose to withdraw
2019-11-25 00:04:11 INFO  Customer:154 - Ha, the user is poor
2019-11-25 00:04:14 INFO  Customer:152 - User withdrew £0.0 from applep
2019-11-25 00:04:17 INFO  MainDriver:103 - User logged out of customer menu
2019-11-25 00:04:18 INFO  MainDriver:90 - User logged in.
2019-11-25 00:04:19 INFO  MainDriver:106 - User logged in as a employee
2019-11-25 00:10:18 INFO  MainDriver:108 - User logged out of employee menu
2019-11-25 00:10:20 INFO  MainDriver:90 - User logged in.
2019-11-25 00:10:23 INFO  MainDriver:101 - User logged in as a customer
2019-11-25 00:10:32 INFO  Customer:43 - User chose to deposit, very nice
2019-11-25 00:10:36 INFO  Customer:169 - User has deposited in £100.0 to applep
2019-11-25 00:10:39 INFO  MainDriver:103 - User logged out of customer menu
2019-11-25 00:10:43 INFO  MainDriver:90 - User logged in.
2019-11-25 00:10:44 INFO  MainDriver:106 - User logged in as a employee
2019-11-25 00:11:12 INFO  MainDriver:108 - User logged out of employee menu
2019-11-25 00:11:14 INFO  MainDriver:90 - User logged in.
2019-11-25 00:11:15 INFO  MainDriver:101 - User logged in as a customer
2019-11-25 00:11:24 INFO  Customer:39 - User chose to withdraw
2019-11-25 00:11:25 INFO  Customer:154 - Ha, the user is poor
2019-11-25 00:11:29 INFO  Customer:152 - User withdrew £200.0 from applep
2019-11-25 00:11:35 INFO  MainDriver:103 - User logged out of customer menu
2019-11-25 00:28:50 INFO  MainDriver:90 - User logged in.
2019-11-25 00:28:58 INFO  MainDriver:101 - User logged in as a customer
2019-11-25 00:29:12 INFO  Customer:47 - User is transferring money
2019-11-25 00:31:07 INFO  MainDriver:90 - User logged in.
2019-11-25 00:31:09 INFO  MainDriver:101 - User logged in as a customer
2019-11-25 00:31:49 INFO  Customer:47 - User is transferring money
2019-11-25 00:34:02 INFO  MainDriver:90 - User logged in.
2019-11-25 00:34:03 INFO  MainDriver:101 - User logged in as a customer
2019-11-25 00:34:14 INFO  Customer:47 - User is transferring money
2019-11-25 00:35:43 INFO  MainDriver:90 - User logged in.
2019-11-25 00:35:52 INFO  MainDriver:90 - User logged in.
2019-11-25 00:35:54 INFO  MainDriver:101 - User logged in as a customer
2019-11-25 00:36:03 INFO  Customer:47 - User is transferring money
2019-11-25 00:37:54 INFO  MainDriver:90 - User logged in.
2019-11-25 00:37:58 INFO  MainDriver:101 - User logged in as a customer
2019-11-25 00:38:07 INFO  Customer:47 - User is transferring money
2019-11-25 00:40:57 INFO  MainDriver:90 - User logged in.
2019-11-25 00:40:59 INFO  MainDriver:101 - User logged in as a customer
2019-11-25 00:41:08 INFO  Customer:47 - User is transferring money
2019-11-25 00:43:01 INFO  MainDriver:90 - User logged in.
2019-11-25 00:43:09 INFO  MainDriver:101 - User logged in as a customer
2019-11-25 00:43:18 INFO  Customer:47 - User is transferring money
2019-11-25 00:44:14 INFO  MainDriver:90 - User logged in.
2019-11-25 00:44:16 INFO  MainDriver:101 - User logged in as a customer
2019-11-25 00:44:23 INFO  Customer:47 - User is transferring money
2019-11-25 00:46:21 INFO  MainDriver:90 - User logged in.
2019-11-25 00:46:23 INFO  MainDriver:101 - User logged in as a customer
2019-11-25 00:46:34 INFO  Customer:47 - User is transferring money
2019-11-25 00:46:47 INFO  Customer:47 - User is transferring money
2019-11-25 00:47:18 INFO  Customer:186 - User unsucessfully attempted to transfer funds
2019-11-25 00:47:22 INFO  Customer:186 - User unsucessfully attempted to transfer funds
2019-11-25 00:47:27 INFO  Customer:183 - User transferred £-2000.0 from apple to kiwi
2019-11-25 00:47:35 INFO  MainDriver:103 - User logged out of customer menu
2019-11-25 01:38:10 INFO  MainDriver:90 - User logged in.
2019-11-25 01:38:22 INFO  MainDriver:106 - User logged in as a employee
2019-11-25 01:38:36 INFO  MainDriver:108 - User logged out of employee menu
2019-11-25 01:38:42 INFO  MainDriver:90 - User logged in.
2019-11-25 01:38:43 INFO  MainDriver:101 - User logged in as a customer
2019-11-25 01:38:49 INFO  Customer:74 - User chose to attempt to create a joint account
2019-11-25 01:38:57 INFO  Customer:133 - User failed in creating account, same username as a previos account
2019-11-25 01:38:57 INFO  MainDriver:103 - User logged out of customer menu
2019-11-25 01:48:01 INFO  MainDriver:90 - User logged in.
2019-11-25 01:48:17 INFO  MainDriver:101 - User logged in as a customer
2019-11-25 01:48:24 INFO  Customer:76 - User chose to attempt to create a joint account
2019-11-25 01:48:37 INFO  MainDriver:103 - User logged out of customer menu
2019-11-25 01:48:44 INFO  MainDriver:90 - User logged in.
2019-11-25 01:48:46 INFO  MainDriver:106 - User logged in as a employee
2019-11-25 01:49:00 INFO  Employee:81 - Pending accounts have been approved
2019-11-25 01:52:18 INFO  MainDriver:90 - User logged in.
2019-11-25 01:52:22 INFO  MainDriver:106 - User logged in as a employee
2019-11-25 01:53:07 INFO  MainDriver:108 - User logged out of employee menu
2019-11-25 01:53:09 INFO  MainDriver:90 - User logged in.
2019-11-25 01:53:16 INFO  MainDriver:101 - User logged in as a customer
2019-11-25 01:53:59 INFO  Customer:57 - User chose to see how rich they are
2019-11-25 01:54:05 INFO  Customer:45 - User chose to deposit, very nice
2019-11-25 01:54:07 INFO  Customer:188 - User has deposited in £50.0 to ab
2019-11-25 01:58:02 INFO  Customer:57 - User chose to see how rich they are
2019-11-25 01:58:05 INFO  MainDriver:103 - User logged out of customer menu
2019-11-25 01:58:07 INFO  MainDriver:90 - User logged in.
2019-11-25 01:58:08 INFO  MainDriver:101 - User logged in as a customer
2019-11-25 01:58:15 INFO  Customer:72 - User chose to attempt to create a single account.
2019-11-25 01:58:23 INFO  Customer:116 - Pending account succesfully created by user
2019-11-25 01:58:23 INFO  MainDriver:103 - User logged out of customer menu
2019-11-25 01:58:59 INFO  MainDriver:90 - User logged in.
2019-11-25 01:59:21 INFO  MainDriver:106 - User logged in as a employee
2019-11-25 01:59:41 INFO  Employee:82 - Pending accounts have been approved
2019-11-25 01:59:46 INFO  MainDriver:108 - User logged out of employee menu
2019-11-25 01:59:48 INFO  MainDriver:90 - User logged in.
2019-11-25 01:59:49 INFO  MainDriver:101 - User logged in as a customer
2019-11-25 02:00:04 INFO  Customer:57 - User chose to see how rich they are
2019-11-25 02:01:09 INFO  Customer:49 - User is transferring money
2019-11-25 02:01:32 INFO  Customer:200 - User transferred £100.0 from e to a
2019-11-25 02:01:47 INFO  Customer:57 - User chose to see how rich they are
2019-11-25 02:02:01 INFO  MainDriver:103 - User logged out of customer menu
2019-11-25 02:17:48 INFO  MainDriver:90 - User logged in.
2019-11-25 02:17:52 INFO  MainDriver:106 - User logged in as a employee
2019-11-25 02:21:04 INFO  MainDriver:108 - User logged out of employee menu
2019-11-25 02:21:06 INFO  MainDriver:90 - User logged in.
2019-11-25 02:21:07 INFO  MainDriver:111 - User logged in as a boss
2019-11-25 02:21:10 INFO  BankAdmin:31 - User successfully logged in as an admin
2019-11-25 02:21:25 INFO  Customer:173 - Ha, the user is poor
2019-11-25 02:21:29 INFO  Customer:171 - User withdrew £100.0 from ab
2019-11-25 02:27:15 INFO  Customer:188 - User has deposited in £50.0 to ab
2019-11-25 02:28:15 INFO  Customer:200 - User transferred £100.0 from a to e
2019-11-25 02:29:36 INFO  Customer:200 - User transferred £50.0 from a to e
2019-11-25 02:31:00 INFO  BankAdmin:116 - a has been removed from the bank
2019-11-25 02:31:18 INFO  MainDriver:113 - User logged out of admin menu
2019-11-25 02:37:47 INFO  MainDriver:90 - User logged in.
2019-11-25 02:37:53 INFO  MainDriver:101 - User logged in as a customer
2019-11-25 02:38:09 INFO  Customer:72 - User chose to attempt to create a single account.
2019-11-25 02:38:34 INFO  Customer:116 - Pending account succesfully created by user
2019-11-25 02:38:34 INFO  MainDriver:103 - User logged out of customer menu
2019-11-25 02:39:09 INFO  MainDriver:90 - User logged in.
2019-11-25 02:39:13 INFO  MainDriver:111 - User logged in as a boss
2019-11-25 02:39:15 INFO  BankAdmin:31 - User successfully logged in as an admin
2019-11-25 02:39:31 INFO  Employee:82 - Pending accounts have been approved
2019-11-25 02:44:11 INFO  Customer:203 - User transferred £50.0 from a to e
2019-11-25 03:10:19 INFO  MainDriver:90 - User logged in.
2019-11-25 03:10:26 INFO  MainDriver:101 - User logged in as a customer
2019-11-25 03:11:09 INFO  Customer:76 - User chose to attempt to create a joint account
2019-11-25 03:11:25 INFO  MainDriver:103 - User logged out of customer menu
2019-11-25 03:11:29 INFO  MainDriver:90 - User logged in.
2019-11-25 03:11:38 INFO  MainDriver:111 - User logged in as a boss
2019-11-25 03:11:43 INFO  BankAdmin:31 - User successfully logged in as an admin
2019-11-25 03:12:23 INFO  Employee:82 - Pending accounts have been approved
2019-11-25 03:12:52 INFO  MainDriver:113 - User logged out of admin menu
2019-11-25 03:12:55 INFO  MainDriver:90 - User logged in.
2019-11-25 03:12:58 INFO  MainDriver:101 - User logged in as a customer
2019-11-25 03:13:07 INFO  MainDriver:103 - User logged out of customer menu
2019-11-25 03:14:17 INFO  MainDriver:90 - User logged in.
2019-11-25 03:14:20 INFO  MainDriver:101 - User logged in as a customer
2019-11-25 03:14:31 INFO  MainDriver:103 - User logged out of customer menu
2019-11-25 03:18:06 INFO  MainDriver:90 - User logged in.
2019-11-25 03:18:08 INFO  MainDriver:101 - User logged in as a customer
2019-11-25 03:18:15 INFO  MainDriver:103 - User logged out of customer menu
2019-11-25 03:26:01 INFO  MainDriver:90 - User logged in.
2019-11-25 03:26:03 INFO  MainDriver:101 - User logged in as a customer
2019-11-25 03:26:11 INFO  MainDriver:103 - User logged out of customer menu
2019-11-25 03:37:04 INFO  MainDriver:90 - User logged in.
2019-11-25 03:37:07 INFO  MainDriver:101 - User logged in as a customer
2019-11-25 03:37:19 INFO  Customer:57 - User chose to see how rich they are
2019-11-25 03:37:22 INFO  MainDriver:103 - User logged out of customer menu
2019-11-25 03:37:24 INFO  MainDriver:90 - User logged in.
2019-11-25 03:37:25 INFO  MainDriver:101 - User logged in as a customer
2019-11-25 03:37:40 INFO  MainDriver:103 - User logged out of customer menu
2019-11-25 03:37:47 INFO  MainDriver:90 - User logged in.
2019-11-25 03:37:48 INFO  MainDriver:101 - User logged in as a customer
2019-11-25 05:38:21 INFO  MainDriver:90 - User logged in.
2019-11-25 05:38:24 INFO  MainDriver:101 - User logged in as a customer
2019-11-25 05:38:36 INFO  Customer:57 - User chose to see how rich they are
2019-11-25 05:38:46 INFO  MainDriver:103 - User logged out of customer menu
2019-11-25 05:38:48 INFO  MainDriver:90 - User logged in.
2019-11-25 05:38:49 INFO  MainDriver:111 - User logged in as a boss
2019-11-25 05:38:51 INFO  BankAdmin:31 - User successfully logged in as an admin
2019-11-25 05:45:35 INFO  MainDriver:90 - User logged in.
2019-11-25 05:45:36 INFO  MainDriver:111 - User logged in as a boss
2019-11-25 05:45:38 INFO  BankAdmin:31 - User successfully logged in as an admin
2019-11-25 05:47:50 INFO  MainDriver:90 - User logged in.
2019-11-25 05:47:51 INFO  MainDriver:111 - User logged in as a boss
2019-11-25 05:47:53 INFO  BankAdmin:31 - User successfully logged in as an admin
2019-11-25 05:48:29 INFO  MainDriver:90 - User logged in.
2019-11-25 05:48:30 INFO  MainDriver:111 - User logged in as a boss
2019-11-25 05:48:31 INFO  BankAdmin:31 - User successfully logged in as an admin
2019-11-25 05:49:30 INFO  MainDriver:90 - User logged in.
2019-11-25 05:49:31 INFO  MainDriver:111 - User logged in as a boss
2019-11-25 05:49:33 INFO  BankAdmin:31 - User successfully logged in as an admin
2019-11-25 05:51:01 INFO  MainDriver:90 - User logged in.
2019-11-25 05:51:03 INFO  MainDriver:111 - User logged in as a boss
2019-11-25 05:51:05 INFO  BankAdmin:31 - User successfully logged in as an admin
2019-11-25 05:52:22 INFO  MainDriver:90 - User logged in.
2019-11-25 05:52:24 INFO  MainDriver:111 - User logged in as a boss
2019-11-25 05:52:25 INFO  BankAdmin:31 - User successfully logged in as an admin
2019-11-25 05:53:28 INFO  MainDriver:90 - User logged in.
2019-11-25 05:53:30 INFO  MainDriver:111 - User logged in as a boss
2019-11-25 05:53:32 INFO  BankAdmin:31 - User successfully logged in as an admin
2019-11-25 05:54:58 INFO  MainDriver:90 - User logged in.
2019-11-25 05:54:59 INFO  MainDriver:111 - User logged in as a boss
2019-11-25 05:55:00 INFO  BankAdmin:31 - User successfully logged in as an admin
2019-11-25 05:55:43 INFO  MainDriver:90 - User logged in.
2019-11-25 05:55:45 INFO  MainDriver:111 - User logged in as a boss
2019-11-25 05:55:46 INFO  BankAdmin:31 - User successfully logged in as an admin
2019-11-25 05:57:33 INFO  MainDriver:90 - User logged in.
2019-11-25 05:57:34 INFO  MainDriver:101 - User logged in as a customer
2019-11-25 05:57:37 INFO  Customer:76 - User chose to attempt to create a joint account
2019-11-25 05:57:43 INFO  Customer:145 - User failed in creating account, same username as a previos account
2019-11-25 05:57:43 INFO  MainDriver:103 - User logged out of customer menu
2019-11-25 05:57:47 INFO  MainDriver:90 - User logged in.
2019-11-25 05:57:49 INFO  MainDriver:106 - User logged in as a employee
2019-11-25 05:58:03 INFO  MainDriver:108 - User logged out of employee menu
2019-11-25 05:58:08 INFO  MainDriver:90 - User logged in.
2019-11-25 05:58:09 INFO  MainDriver:101 - User logged in as a customer
2019-11-25 05:58:14 INFO  Customer:76 - User chose to attempt to create a joint account
2019-11-25 05:58:26 INFO  MainDriver:103 - User logged out of customer menu
2019-11-25 05:58:38 INFO  MainDriver:90 - User logged in.
2019-11-25 05:58:40 INFO  MainDriver:106 - User logged in as a employee
2019-11-25 05:58:46 INFO  Employee:82 - Pending accounts have been approved
2019-11-25 05:58:49 INFO  MainDriver:108 - User logged out of employee menu
2019-11-25 06:00:54 INFO  MainDriver:90 - User logged in.
2019-11-25 06:00:57 INFO  MainDriver:101 - User logged in as a customer
2019-11-25 06:00:59 INFO  Customer:76 - User chose to attempt to create a joint account
2019-11-25 06:01:15 INFO  MainDriver:103 - User logged out of customer menu
2019-11-25 06:01:40 INFO  MainDriver:90 - User logged in.
2019-11-25 06:01:41 INFO  MainDriver:101 - User logged in as a customer
2019-11-25 06:01:44 INFO  Customer:76 - User chose to attempt to create a joint account
2019-11-25 06:02:19 INFO  MainDriver:90 - User logged in.
2019-11-25 06:02:22 INFO  MainDriver:101 - User logged in as a customer
2019-11-25 06:02:25 INFO  Customer:76 - User chose to attempt to create a joint account
2019-11-25 14:30:38 INFO  MainDriver:90 - User logged in.
2019-11-25 14:30:46 INFO  MainDriver:101 - User logged in as a customer
2019-11-25 14:30:52 INFO  Customer:72 - User chose to attempt to create a single account.
2019-11-25 14:30:57 INFO  Customer:116 - Pending account succesfully created by user
2019-11-25 14:30:57 INFO  MainDriver:103 - User logged out of customer menu
2019-11-25 14:30:59 INFO  MainDriver:90 - User logged in.
2019-11-25 14:31:00 INFO  MainDriver:106 - User logged in as a employee
2019-11-25 14:31:07 INFO  Employee:82 - Pending accounts have been approved
2019-11-25 14:34:17 INFO  MainDriver:90 - User logged in.
2019-11-25 14:34:19 INFO  MainDriver:106 - User logged in as a employee
2019-11-25 14:35:31 INFO  MainDriver:90 - User logged in.
2019-11-25 14:35:34 INFO  MainDriver:101 - User logged in as a customer
2019-11-25 14:35:55 INFO  Customer:57 - User chose to see how rich they are
2019-11-25 14:35:58 INFO  MainDriver:103 - User logged out of customer menu
2019-11-25 14:35:59 INFO  MainDriver:90 - User logged in.
2019-11-25 14:36:01 INFO  MainDriver:106 - User logged in as a employee
2019-11-25 14:36:26 INFO  MainDriver:108 - User logged out of employee menu
2019-11-25 14:42:40 INFO  MainDriver:90 - User logged in.
2019-11-25 14:42:42 INFO  MainDriver:101 - User logged in as a customer
2019-11-25 14:42:44 INFO  MainDriver:122 - User input an invalid data type
2019-11-25 14:42:44 INFO  MainDriver:90 - User logged in.
2019-11-25 14:42:46 INFO  MainDriver:101 - User logged in as a customer
2019-11-25 14:42:57 INFO  MainDriver:103 - User logged out of customer menu
2019-11-25 14:59:22 INFO  MainDriver:90 - User logged in.
2019-11-25 14:59:24 INFO  MainDriver:101 - User logged in as a customer
2019-11-25 14:59:28 INFO  MainDriver:103 - User logged out of customer menu
2019-11-25 14:59:32 INFO  MainDriver:90 - User logged in.
2019-11-25 14:59:34 INFO  MainDriver:101 - User logged in as a customer
2019-11-25 14:59:38 INFO  Customer:76 - User chose to attempt to create a joint account
2019-11-25 14:59:52 INFO  MainDriver:103 - User logged out of customer menu
2019-11-25 14:59:56 INFO  MainDriver:90 - User logged in.
2019-11-25 14:59:57 INFO  MainDriver:106 - User logged in as a employee
2019-11-25 15:00:25 INFO  Employee:82 - Pending accounts have been approved
2019-11-25 15:00:55 INFO  MainDriver:108 - User logged out of employee menu
2019-11-25 15:03:12 INFO  MainDriver:90 - User logged in.
2019-11-25 15:03:14 INFO  MainDriver:106 - User logged in as a employee
2019-11-25 15:03:59 INFO  MainDriver:108 - User logged out of employee menu
2019-11-25 18:15:10 INFO  MainDriver:47 - User logged in.
2019-11-25 18:15:12 INFO  MainDriver:58 - User logged in as a customer
2019-11-25 18:15:16 INFO  Customer:72 - User chose to attempt to create a single account.
2019-11-25 18:15:23 INFO  Customer:116 - Pending account succesfully created by user
2019-11-25 18:15:23 INFO  MainDriver:60 - User logged out of customer menu
2019-11-25 18:15:36 INFO  MainDriver:47 - User logged in.
2019-11-25 18:15:36 INFO  MainDriver:63 - User logged in as a employee
2019-11-25 18:15:42 INFO  Employee:82 - Pending accounts have been approved
2019-11-25 18:16:06 INFO  MainDriver:65 - User logged out of employee menu
2019-11-25 18:16:37 INFO  MainDriver:47 - User logged in.
2019-11-25 18:16:38 INFO  MainDriver:58 - User logged in as a customer
2019-11-25 18:16:41 INFO  Customer:76 - User chose to attempt to create a joint account
2019-11-25 18:16:54 INFO  MainDriver:60 - User logged out of customer menu
2019-11-25 18:16:56 INFO  MainDriver:47 - User logged in.
2019-11-25 18:16:57 INFO  MainDriver:63 - User logged in as a employee
2019-11-25 18:17:06 INFO  Employee:82 - Pending accounts have been approved
2019-11-25 18:20:11 INFO  MainDriver:65 - User logged out of employee menu
2019-11-25 18:25:21 INFO  MainDriver:47 - User logged in.
2019-11-25 18:25:22 INFO  MainDriver:77 - User input an invalid data type
2019-11-25 18:25:22 INFO  MainDriver:47 - User logged in.
2019-11-25 18:25:25 INFO  MainDriver:77 - User input an invalid data type
2019-11-25 18:25:25 INFO  MainDriver:47 - User logged in.
2019-11-25 18:25:27 INFO  MainDriver:77 - User input an invalid data type
2019-11-25 18:25:27 INFO  MainDriver:47 - User logged in.
2019-11-25 18:25:32 INFO  MainDriver:58 - User logged in as a customer
2019-11-25 18:25:32 INFO  MainDriver:77 - User input an invalid data type
2019-11-25 18:25:32 INFO  MainDriver:47 - User logged in.
2019-11-25 18:25:35 INFO  MainDriver:58 - User logged in as a customer
2019-11-25 18:25:42 INFO  Customer:57 - User chose to see how rich they are
2019-11-25 18:25:44 INFO  MainDriver:60 - User logged out of customer menu
2019-11-25 18:34:19 INFO  MainDriver:47 - User logged in.
2019-11-25 18:34:20 INFO  MainDriver:73 - User chose to escape the menu
2019-11-25 18:34:38 INFO  MainDriver:47 - User logged in.
2019-11-25 18:34:40 INFO  MainDriver:73 - User chose to escape the menu
2019-11-25 18:34:48 INFO  MainDriver:47 - User logged in.
2019-11-25 18:34:52 INFO  MainDriver:73 - User chose to escape the menu
2019-11-25 18:37:21 INFO  MainDriver:47 - User logged in.
2019-11-25 18:37:23 INFO  MainDriver:74 - User chose to escape the menu
2019-11-25 18:37:27 INFO  MainDriver:47 - User logged in.
2019-11-25 18:37:31 INFO  MainDriver:64 - User logged in as a employee
2019-11-25 18:38:13 INFO  MainDriver:47 - User logged in.
2019-11-25 18:38:15 INFO  MainDriver:59 - User logged in as a customer
2019-11-25 18:38:41 INFO  MainDriver:47 - User logged in.
2019-11-25 18:38:43 INFO  MainDriver:61 - User logged out of customer menu
2019-11-25 18:38:51 INFO  MainDriver:47 - User logged in.
2019-11-25 18:38:53 INFO  MainDriver:59 - User logged in as a customer
2019-11-25 18:39:23 INFO  MainDriver:61 - User logged out of customer menu
2019-11-25 18:53:29 INFO  MainDriver:47 - User logged in.
2019-11-25 18:53:33 INFO  MainDriver:69 - User logged in as a boss
2019-11-25 18:53:35 INFO  BankAdmin:31 - User successfully logged in as an admin
2019-11-25 18:54:46 INFO  MainDriver:71 - User logged out of admin menu
2019-11-25 19:21:02 INFO  MainDriver:47 - User logged in.
2019-11-25 19:21:04 INFO  MainDriver:64 - User logged in as a employee
2019-11-25 20:51:00 INFO  MainDriver:47 - User logged in.
2019-11-25 20:51:02 INFO  MainDriver:59 - User logged in as a customer
2019-11-25 20:51:09 INFO  Customer:57 - User chose to see how rich they are
2019-11-25 20:51:11 INFO  MainDriver:61 - User logged out of customer menu
2019-11-25 20:51:12 INFO  MainDriver:47 - User logged in.
2019-11-25 20:51:14 INFO  MainDriver:59 - User logged in as a customer
2019-11-25 20:51:20 INFO  MainDriver:61 - User logged out of customer menu
2019-11-25 21:20:31 INFO  MainDriver:47 - User logged in.
2019-11-25 21:20:36 INFO  MainDriver:69 - User logged in as a boss
2019-11-25 21:20:37 INFO  BankAdmin:32 - User successfully logged in as an admin
2019-11-25 21:20:58 INFO  BankAdmin:120 - a has been removed from the bank
2019-11-25 21:21:30 INFO  BankAdmin:120 - apple has been removed from the bank
2019-11-25 21:22:03 INFO  BankAdmin:120 - test2 has been removed from the bank
2019-11-25 21:22:46 INFO  BankAdmin:120 - asdf has been removed from the bank
2019-11-25 21:27:50 INFO  MainDriver:47 - User logged in.
2019-11-25 21:27:52 INFO  MainDriver:69 - User logged in as a boss
2019-11-25 21:27:54 INFO  BankAdmin:32 - User successfully logged in as an admin
2019-11-25 21:28:02 INFO  MainDriver:71 - User logged out of admin menu
