inside Login LoginController
inside Tickets UserController
inside findAll for User  ReimburstmentDaoImpl
inside Login LoginController
inside Tickets UserController
inside findAll for User  ReimburstmentDaoImpl
inside NewTickets UserController
inside insert ReimburstmentDaoImpl
inside Tickets UserController
inside findAll for User  ReimburstmentDaoImpl
inside Login LoginController
inside Tickets ManagerController
inside findAll ReimburstmentDaoImpl
inside Login LoginController
inside Tickets UserController
inside findAll for User  ReimburstmentDaoImpl
inside NewTickets UserController
inside insert ReimburstmentDaoImpl
inside Tickets UserController
inside findAll for User  ReimburstmentDaoImpl
inside Login LoginController
inside Tickets ManagerController
inside findAll ReimburstmentDaoImpl
inside Action ManagerController
inside update ReimburstmentDaoImpl
inside Action ManagerController
inside update ReimburstmentDaoImpl
inside Login LoginController
inside Tickets UserController
inside findAll for User  ReimburstmentDaoImpl
inside Login LoginController
inside Tickets UserController
inside findAll for User  ReimburstmentDaoImpl
inside Login LoginController
inside Tickets UserController
inside findAll for User  ReimburstmentDaoImpl
inside Login LoginController
inside Tickets UserController
inside findAll for User  ReimburstmentDaoImpl
inside Login LoginController
inside Tickets ManagerController
inside findAll ReimburstmentDaoImpl
inside Login LoginController
inside Tickets ManagerController
inside findAll ReimburstmentDaoImpl
inside Login LoginController
inside Login LoginController
inside Tickets ManagerController
inside findAll ReimburstmentDaoImpl
inside Login LoginController
inside Tickets ManagerController
inside findAll ReimburstmentDaoImpl
inside Login LoginController
inside Tickets ManagerController
inside findAll ReimburstmentDaoImpl
inside Login LoginController
inside Tickets ManagerController
inside findAll ReimburstmentDaoImpl
inside Login LoginController
inside Tickets UserController
inside findAll for User  ReimburstmentDaoImpl
inside Login LoginController
inside Tickets ManagerController
inside findAll ReimburstmentDaoImpl
inside Login LoginController
inside Tickets ManagerController
inside findAll ReimburstmentDaoImpl
inside Login LoginController
inside Login LoginController
inside Tickets ManagerController
inside findAll ReimburstmentDaoImpl
inside Login LoginController
inside Tickets ManagerController
inside findAll ReimburstmentDaoImpl
inside Login LoginController
inside Tickets UserController
inside findAll for User  ReimburstmentDaoImpl
inside NewTickets UserController
inside insert ReimburstmentDaoImpl
inside Tickets UserController
inside findAll for User  ReimburstmentDaoImpl
inside Login LoginController
inside Tickets ManagerController
inside findAll ReimburstmentDaoImpl
inside Action ManagerController
inside update ReimburstmentDaoImpl
inside Login LoginController
inside Tickets UserController
inside findAll for User  ReimburstmentDaoImpl
inside NewTickets UserController
inside insert ReimburstmentDaoImpl
inside Tickets UserController
inside findAll for User  ReimburstmentDaoImpl
inside Login LoginController
inside Tickets ManagerController
inside findAll ReimburstmentDaoImpl
inside Login LoginController
inside Tickets UserController
inside findAll for User  ReimburstmentDaoImpl
