2019-11-25 09:31:29 INFO  MainDriver:421 -  cl Creted an Account
2019-11-25 09:31:38 INFO  MainDriver:451 -  em Creted an Account
2019-11-25 09:31:44 INFO  MainDriver:464 -  sys Creted an Account
2019-11-25 09:31:55 INFO  MainDriver:421 -  cl2 Creted an Account
2019-11-25 09:32:04 INFO  MainDriver:433 -  cl2 Creted an Joint Account with   cl2  cl
2019-11-25 09:33:26 INFO  MainDriver:421 -  cl Creted an Account
2019-11-25 09:34:17 INFO  MainDriver:421 -  cl Creted an Account
2019-11-25 09:50:04 INFO  MainDriver:421 -  cl Creted an Account
2019-11-25 09:58:25 INFO  MainDriver:421 -  c Creted an Account
2019-11-25 09:58:36 INFO  MainDriver:451 -  e Creted an Account
2019-11-25 09:58:42 INFO  MainDriver:464 -  s Creted an Account
2019-11-25 09:58:49 INFO  MainDriver:421 -  w Creted an Account
2019-11-25 09:58:56 INFO  MainDriver:433 -  w Creted an Joint Account with   c  w
2019-11-25 10:04:57 INFO  MainDriver:421 -  c Creted an Account
2019-11-25 10:06:27 INFO  MainDriver:421 -  c Creted an Account
2019-11-25 11:08:47 INFO  MainDriver:421 -  c Creted an Account
2019-11-25 11:08:55 INFO  MainDriver:451 -  e Creted an Account
2019-11-25 11:09:02 INFO  MainDriver:464 -  s Creted an Account
2019-11-25 11:09:13 INFO  MainDriver:421 -  t Creted an Account
2019-11-25 11:09:16 INFO  MainDriver:433 -  t Creted an Joint Account with   c  t
2019-11-25 14:22:01 INFO  MainDriver:178 -  t Tried to log in but account is not active
2019-11-25 14:22:07 INFO  MainDriver:195 -  e Logged in
2019-11-25 14:22:11 INFO  MainDriver:228 -  e Approved  t's account
2019-11-25 14:22:19 INFO  MainDriver:118 -  t Logged in
2019-11-25 14:22:27 INFO  Account:620 - null made a deposit of450.0
2019-11-25 14:22:37 INFO  Account:620 - null made a deposit of25.0
2019-11-25 14:22:51 INFO  Account:771 - null made a transfer of45.0from their checking account to their savings account.
2019-11-25 14:23:21 INFO  Account:620 - null made a deposit of100.0
2019-11-25 14:27:47 INFO  MainDriver:421 -  r Creted an Account
2019-11-25 14:27:59 INFO  MainDriver:421 -  y Creted an Account
2019-11-25 14:28:08 INFO  MainDriver:433 -  y Creted an Joint Account with   r  y
2019-11-25 14:29:46 INFO  MainDriver:421 -  p Creted an Account
2019-11-25 14:29:53 INFO  MainDriver:421 -  l Creted an Account
2019-11-25 14:29:59 INFO  MainDriver:433 -  l Creted an Joint Account with   p  l
2019-11-25 14:30:11 INFO  MainDriver:195 -  e Logged in
2019-11-25 14:30:17 INFO  MainDriver:228 -  e Approved  p's account
2019-11-25 14:56:25 INFO  MainDriver:421 -  y Creted an Account
2019-11-25 14:56:44 INFO  MainDriver:421 -  h Creted an Account
2019-11-25 14:56:51 INFO  MainDriver:433 -  h Creted an Joint Account with   h  y
2019-11-25 14:58:44 INFO  MainDriver:421 -  u Creted an Account
2019-11-25 14:58:52 INFO  MainDriver:421 -  k Creted an Account
2019-11-25 14:59:38 INFO  MainDriver:433 -  k Creted an Joint Account with   u  k
2019-11-25 15:00:40 INFO  MainDriver:421 -  c Creted an Account
2019-11-25 15:00:49 INFO  MainDriver:421 -  c2 Creted an Account
2019-11-25 15:00:53 INFO  MainDriver:433 -  c2 Creted an Joint Account with   c  c2
2019-11-25 15:01:27 INFO  MainDriver:452 -  e Creted an Account
2019-11-25 15:01:35 INFO  MainDriver:465 -  s Creted an Account
2019-11-25 15:01:38 INFO  MainDriver:195 -  e Logged in
2019-11-25 15:01:43 INFO  MainDriver:228 -  e Approved  c's account
2019-11-25 15:01:51 INFO  MainDriver:228 -  e Approved  c2's account
2019-11-25 15:01:58 INFO  MainDriver:118 -  c Logged in
2019-11-25 15:02:08 INFO  Account:621 - null made a deposit of450.0
2019-11-25 15:02:25 INFO  Account:621 - null made a deposit of490.0
2019-11-25 15:05:15 INFO  MainDriver:118 -  c Logged in
2019-11-25 15:05:24 INFO  Account:621 - null made a deposit of450.0
2019-11-25 15:17:24 INFO  MainDriver:118 -  c Logged in
2019-11-25 15:17:34 INFO  Account:621 - null made a deposit of450.0
2019-11-25 15:20:27 INFO  MainDriver:118 -  c Logged in
2019-11-25 15:20:36 INFO  Account:621 - null made a deposit of25.0
2019-11-25 15:22:06 INFO  Account:773 - null made a transfer of10.0from their checking account to their savings account.
2019-11-25 15:22:27 INFO  Account:621 - null made a deposit of250.0
2019-11-25 15:30:45 INFO  MainDriver:118 -  c Logged in
2019-11-25 15:30:55 INFO  Account:621 - null made a deposit of152.0
2019-11-25 15:33:30 INFO  MainDriver:118 -  c Logged in
2019-11-25 15:33:39 INFO  Account:621 - null made a deposit of450.0
2019-11-25 15:36:39 INFO  MainDriver:423 -  c Creted an Account
2019-11-25 15:42:10 INFO  MainDriver:423 -  c Creted an Account
2019-11-25 15:42:16 INFO  MainDriver:454 -  e Creted an Account
2019-11-25 15:42:20 INFO  MainDriver:467 -  s Creted an Account
2019-11-25 15:42:25 INFO  MainDriver:291 -  s Logged in
2019-11-25 15:42:27 INFO  MainDriver:322 -  s Approved  c's account
2019-11-25 15:42:38 INFO  MainDriver:118 -  c Logged in
2019-11-25 15:42:47 INFO  Account:623 - null made a deposit of450.0
2019-11-25 15:44:33 INFO  MainDriver:118 -  c Logged in
2019-11-25 15:44:46 INFO  Account:623 - null made a deposit of450.0
2019-11-25 15:45:57 INFO  MainDriver:118 -  c Logged in
2019-11-25 15:46:03 INFO  Account:623 - null made a deposit of450.0
2019-11-25 15:46:20 INFO  MainDriver:118 -  c Logged in
2019-11-25 15:46:28 INFO  Account:623 - null made a deposit of450.0
2019-11-25 15:47:21 INFO  MainDriver:118 -  c Logged in
2019-11-25 15:47:27 INFO  Account:623 - null made a deposit of450.0
2019-11-25 15:48:15 INFO  MainDriver:118 -  c Logged in
2019-11-25 15:48:23 INFO  Account:623 - null made a deposit of450.0
2019-11-25 15:49:13 INFO  MainDriver:118 -  c Logged in
2019-11-25 15:49:19 INFO  Account:623 - null made a deposit of450.0
2019-11-25 15:55:29 INFO  MainDriver:118 -  c Logged in
2019-11-25 15:55:35 INFO  Account:626 - null made a deposit of450.0
2019-11-25 15:55:52 INFO  MainDriver:118 -  c Logged in
2019-11-25 15:55:59 INFO  Account:626 - null made a deposit of100.0
2019-11-25 15:57:16 INFO  MainDriver:118 -  c Logged in
2019-11-25 15:57:22 INFO  Account:626 - null made a deposit of450.0
2019-11-25 15:58:29 INFO  MainDriver:118 -  c Logged in
2019-11-25 15:58:35 INFO  Account:626 - null made a deposit of450.0
2019-11-25 15:59:54 INFO  MainDriver:118 -  c Logged in
2019-11-25 16:00:01 INFO  Account:626 - null made a deposit of450.0
2019-11-25 16:02:33 INFO  MainDriver:118 -  c Logged in
2019-11-25 16:02:39 INFO  Account:626 - null made a deposit of450.0
2019-11-25 16:09:22 INFO  MainDriver:421 -  f Creted an Account
2019-11-25 16:09:28 INFO  MainDriver:433 -  f Creted an Joint Account with   c  f
2019-11-25 16:09:34 INFO  MainDriver:118 -  c Logged in
2019-11-25 16:09:44 INFO  Account:626 - null made a deposit of42.0
2019-11-25 16:11:28 INFO  MainDriver:118 -  c Logged in
2019-11-25 16:18:35 INFO  MainDriver:422 -  c Creted an Account
2019-11-25 16:18:36 INFO  MainDriver:433 -  c Created an Joint Account with   c
2019-11-25 16:19:56 INFO  MainDriver:422 -  c Creted an Account
2019-11-25 16:20:06 INFO  MainDriver:422 -  d Creted an Account
2019-11-25 16:20:14 INFO  MainDriver:451 -  e Creted an Account
2019-11-25 16:20:18 INFO  MainDriver:194 -  e Logged in
2019-11-25 16:20:21 INFO  MainDriver:227 -  e Approved  c's account
2019-11-25 16:20:30 INFO  MainDriver:118 -  c Logged in
2019-11-25 16:23:02 INFO  MainDriver:422 -  h Creted an Account
2019-11-25 16:24:04 INFO  MainDriver:422 -  g Creted an Account
2019-11-25 16:24:07 INFO  MainDriver:433 -  g Created an Joint Account with   g
2019-11-25 16:25:00 INFO  MainDriver:422 -  m Creted an Account
2019-11-25 16:25:03 INFO  MainDriver:433 -  m Created an Joint Account with   m
2019-11-25 16:25:58 INFO  MainDriver:422 -  l Creted an Account
2019-11-25 16:26:00 INFO  MainDriver:433 -  l Created an Joint Account with   c  l
2019-11-25 16:31:53 INFO  MainDriver:422 -  . Creted an Account
2019-11-25 16:32:05 INFO  MainDriver:433 -  . Created an Joint Account with  m .
2019-11-25 16:33:35 INFO  MainDriver:422 -  c Creted an Account
2019-11-25 16:33:43 INFO  MainDriver:422 -  f Creted an Account
2019-11-25 16:33:49 INFO  MainDriver:433 -  f Created an Joint Account with  c f
2019-11-25 16:34:01 INFO  MainDriver:453 -  e Creted an Account
2019-11-25 16:34:04 INFO  MainDriver:194 -  e Logged in
2019-11-25 16:34:06 INFO  MainDriver:227 -  e Approved  c f's account
2019-11-25 16:34:16 INFO  MainDriver:118 -  c f Logged in
2019-11-25 16:36:20 INFO  MainDriver:118 -  c f Logged in
2019-11-25 16:36:30 INFO  MainDriver:118 -  c f Logged in
2019-11-25 16:39:08 INFO  MainDriver:176 -  c Tried to log in but account is not active
2019-11-25 16:39:13 INFO  MainDriver:192 -  e Logged in
2019-11-25 16:39:17 INFO  MainDriver:225 -  e Approved  c's account
2019-11-25 16:39:22 INFO  MainDriver:118 -  c Logged in
2019-11-25 16:39:31 INFO  Account:626 - null made a deposit of450.0
2019-11-25 16:42:50 INFO  MainDriver:118 -  c Logged in
2019-11-25 16:42:58 INFO  Account:629 - null made a deposit of250.0
2019-11-25 16:43:07 INFO  MainDriver:118 -  c Logged in
2019-11-25 16:43:14 INFO  Account:629 - null made a deposit of450.0
2019-11-25 16:43:27 INFO  Account:664 - null made a withdraw of100.0
2019-11-25 16:44:02 INFO  Account:781 - null made a transfer of10.0from their shared checking account to their shared savings account.
2019-11-25 16:48:34 INFO  MainDriver:464 -  s Creted an Account
2019-11-25 16:48:38 INFO  MainDriver:286 -  s Logged in
2019-11-25 16:48:47 INFO  MainDriver:317 -  s Approved  f's account
2019-11-25 16:48:53 INFO  MainDriver:317 -  s Approved  f's account
