
2019-11-18 09:58:26 INFO  MainActivity:15 - This is my logger test
2019-11-18 10:32:14 INFO  Customer:84 - 26811 withdrew $10.0
2019-11-18 10:34:44 INFO  Customer:84 - 26811 withdrew $10.0
2019-11-18 10:36:02 INFO  Customer:93 - Account #26811 deposited $100.0
2019-11-18 10:41:28 INFO  Customer:84 - Account #26811 withdrew $13.0
2019-11-18 10:41:34 INFO  Customer:93 - Account #26811 deposited $64.0
2019-11-18 10:42:07 INFO  Customer:131 - $40.0 Transferred from Account #26811 to account number #56091
2019-11-18 11:49:12 INFO  NewCustomer:44 - New account created succesfully. Account Number: null
Account Balance: 0.0
Name: David Prater
Address: 906 William
Phone Number: 6203885201
Email: david@gmail.com

2019-11-18 12:23:50 INFO  Customer:114 - Account #26811 deposited $55.0
2019-11-18 12:24:12 INFO  Customer:114 - Account #26811 deposited $2.0
2019-11-18 12:27:11 INFO  Customer:114 - Account #26811 deposited $19816.0
2019-11-20 16:14:00 INFO  NewCustomer:44 - New account created succesfully. Account Number: null
Account Balance: 0.0
Name: David Prater
Address: 906 William
Phone Number: 6203885201
Email: david@mail.com

2019-11-20 16:14:25 INFO  Customer:114 - Account #58663 deposited $100.0
2019-11-20 16:15:10 INFO  NewCustomer:90 - New joint account created succesfully.
Account Number: null
Account Balance: 0.0
Name: DAvid Prater
Address: 906 road stret
Phone Number: 7894561231
Email: dp@mail
User Two Name: DAvid Prater
User Two Address: 906 road stret
User Two Phone Number: 7894561231
User Two Email: dp@mail

2019-11-20 16:16:22 INFO  Administrator:150 - Account number 58663successfully deleted.
2019-11-21 11:50:23 INFO  NewCustomer:44 - New account created succesfully. Account Number: null
Account Balance: 0.0
Name:  David
Address: Prater
Phone Number: 6203885201
Email: david@gmail.com

2019-11-21 11:55:44 INFO  NewCustomer:44 - New account created succesfully. Account Number: null
Account Balance: 0.0
Name: David Prater
Address: 906 William Way
Phone Number: 6203885201
Email: david@gmail.com

2019-11-21 12:29:17 INFO  NewCustomer:44 - New account created succesfully. Account Number: null
Account Balance: 0.0
Name: ben UK
Address: somewhere
Phone Number: 6203885201
Email: ben@ben.com

2019-11-23 17:02:04 INFO  NewCustomer:44 - New account created succesfully. Account Number: null
Account Balance: 0.0
Name: a a
Address: a
Phone Number: a
Email: a

2019-11-23 17:02:59 INFO  Customer:114 - Account #39590 deposited $50.0
2019-11-24 15:36:41 INFO  NewCustomer:40 - New account created succesfully. Account Number: null
Account Balance: 0.0
Name: David Prater
Address: 906 William

2019-11-24 16:06:15 INFO  NewCustomer:77 - New joint account created succesfully.
Account Number: null
Account Balance: 0.0
Name: David Prater
Address: 12702 Bruce B
User Two Name: David Prater
User Two Address: 12702 Bruce B

2019-11-24 16:56:33 INFO  Customer:115 - Account #77277 deposited $100.0
2019-11-24 17:02:42 INFO  Customer:117 - Account #77277 deposited $54321.0
2019-11-24 17:12:54 INFO  Customer:119 - Account #77277 deposited $489.0
2019-11-24 17:14:31 INFO  Customer:108 - Account #77277 withdrew $789.0
2019-11-24 17:16:11 INFO  Customer:108 - Account #5 withdrew $1000.0
2019-11-24 17:24:31 INFO  Customer:119 - Account #5 deposited $1000.0
2019-11-24 17:24:48 INFO  Customer:108 - Account #5 withdrew $1000.0
2019-11-24 17:27:40 INFO  NewCustomer:77 - New joint account created succesfully.
Account Number: null
Account Balance: 0.0
Name: banana banana
Address: banana street
User Two Name: banana banana
User Two Address: banana street

2019-11-24 17:37:32 INFO  Customer:124 - Account #5 deposited $1234.0
2019-11-24 17:42:12 INFO  NewCustomer:79 - New joint account created succesfully.
Account Number: null
Account Balance: 0.0
Name: joint2 joint2
Address: 123456 Road

2019-11-24 17:47:57 INFO  NewCustomer:81 - New joint account created succesfully.
Account Number: 50238
Account Balance: 0.0
Name: joint2 joint2
Address: sgsdfsd

2019-11-24 18:09:14 INFO  NewCustomer:41 - New account created succesfully. Account Number: 46508
Account Balance: 0.0
Name: ass ass
Address: ass

2019-11-24 18:11:50 INFO  NewCustomer:41 - New account created succesfully. Account Number: 59796
Account Balance: 0.0
Name: ass ass
Address: ass

2019-11-24 18:14:13 INFO  NewCustomer:81 - New joint account created succesfully.
Account Number: 77852
Account Balance: 0.0
Name: zxc zxc
Address: zxc

2019-11-24 19:34:40 INFO  Customer:118 - Account #59796 deposited $500.0
2019-11-24 19:35:48 INFO  NewCustomer:39 - New account created succesfully. Account Number: null
Account Balance: 0.0
Name: ass ass
Address: ass

2019-11-24 19:36:23 INFO  Customer:118 - Account #null deposited $500.0
2019-11-24 19:39:55 INFO  NewCustomer:39 - New account created succesfully. Account Number: null
Account Balance: 0.0
Name: ass ass
Address: ass

2019-11-24 19:40:22 INFO  Customer:118 - Account #null deposited $100.0
2019-11-24 19:44:49 INFO  NewCustomer:39 - New account created succesfully. Account Number: 74244
Account Balance: 0.0
Name: David Prater
Address: 906 William Way

2019-11-24 19:45:28 INFO  Customer:118 - Account #74244 deposited $999.0
2019-11-24 19:45:38 INFO  Customer:107 - Account #74244 withdrew $99.0
2019-11-24 19:47:02 INFO  NewCustomer:79 - New joint account created succesfully.
Account Number: 97439
Account Balance: 0.0
Name: Shaylyn Patel
Address: Tampa, FL

2019-11-24 19:47:33 INFO  Customer:118 - Account #97439 deposited $100.0
2019-11-24 19:47:59 INFO  Customer:107 - Account #97439 withdrew $50.0
2019-11-24 21:16:34 INFO  Customer:147 - $100.0 Transferred from Account #74244 to account number #97439
2019-11-24 21:19:54 INFO  Customer:149 - $100.0 Transferred from Account #74244 to account number #97439
2019-11-24 21:32:50 INFO  Customer:150 - $50.0 Transferred from Account #74244 to account number #97439
2019-11-24 21:33:51 INFO  Customer:119 - Account #74244 deposited $50.0
2019-11-24 21:35:38 INFO  Customer:118 - Account #74244 deposited $50.0
2019-11-24 21:35:47 INFO  Customer:107 - Account #74244 withdrew $50.0
2019-11-24 21:36:46 INFO  Customer:118 - Account #97439 deposited $123.0
2019-11-24 21:37:22 INFO  Customer:107 - Account #97439 withdrew $48.0
2019-11-24 21:37:41 INFO  Customer:118 - Account #97439 deposited $56.34
2019-11-24 21:40:06 INFO  NewCustomer:39 - New account created succesfully. Account Number: 42864
Account Balance: 0.0
Name: david password
Address: 906 William

2019-11-24 21:40:39 INFO  Customer:118 - Account #42864 deposited $685.36
2019-11-24 22:24:08 INFO  NewCustomer:79 - New joint account created succesfully.
Account Number: 83309
Account Balance: 0.0
Name: shaylyn sjaylyn
Address: Memphis TN

2019-11-24 22:25:09 INFO  Customer:118 - Account #83309 deposited $150.0
2019-11-24 22:27:06 INFO  Customer:107 - Account #83309 withdrew $25.5
2019-11-24 22:27:23 INFO  Customer:107 - Account #83309 withdrew $50.0
2019-11-25 09:39:06 INFO  Customer:107 - Account #42864 withdrew $25.0
2019-11-25 09:39:33 INFO  Customer:118 - Account #42864 deposited $100.0
2019-11-25 09:41:30 INFO  Customer:107 - Account #42864 withdrew $100.0
2019-11-25 09:41:55 INFO  Customer:118 - Account #42864 deposited $75.0
2019-11-25 09:42:44 INFO  Customer:149 - $11.0 Transferred from Account #83309 to account number #83309
2019-11-25 09:44:39 INFO  Customer:145 - $100.0 Transferred from Account #42864 to account number #83309
2019-11-25 09:51:25 INFO  NewCustomer:39 - New account created succesfully. Account Number: 53794
Account Balance: 0.0
Name: banana banana
Address: Banana Street
2019-11-25 09:52:58 INFO  NewCustomer:39 - New account created succesfully. Account Number: 80908
Account Balance: 0.0
Name: banana tree
Address: Banana Street
2019-11-25 09:54:12 INFO  NewCustomer:39 - New account created succesfully. Account Number: 24909
Account Balance: 0.0
Name: Banana Apple
Address: Banana Street
2019-11-25 12:32:48 INFO  NewCustomer:39 - New account created succesfully. Account ID: 0
Account Number: 11748
Account Balance: 0.0
Name: banana banana
Address: asdf
2019-11-25 16:00:33 INFO  NewCustomer:38 - New account created succesfully. Account ID: 0
Account Number: 278
Account Balance: 0.0
Name: caio something
Address: 1272 Bruce
2019-11-25 21:42:52 INFO  NewCustomer:38 - New account created succesfully. Account ID: 0
Account Number: 66404
Account Balance: 0.0
Name: Grape Seed
Address: Grade Ave
2019-11-25 21:44:16 INFO  NewCustomer:80 - New joint account created succesfully.
Account ID: 0
Account Number: 95691
Account Balance: 0.0
Name: Benji Benjis
Address: Uk Some place
2019-11-25 21:45:08 INFO  Customer:131 - Account #95691 deposited $100.0
2019-11-25 21:46:07 INFO  Customer:156 - $350.0 Transferred from Account #42864 to account number #24909
2019-11-25 21:46:37 INFO  Customer:114 - Account #24909 withdrew $50.0
2019-11-25 21:54:14 INFO  NewCustomer:38 - New account created succesfully. Account ID: 0
Account Number: 41715
Account Balance: 0.0
Name: David Prater
Address: 906 William Way
2019-11-25 21:56:31 INFO  Customer:131 - Account #41715 deposited $100.0
2019-11-25 21:56:41 INFO  Customer:114 - Account #41715 withdrew $50.0
2019-11-25 21:57:52 INFO  NewCustomer:80 - New joint account created succesfully.
Account ID: 0
Account Number: 60827
Account Balance: 0.0
Name: Shaylyn Patel
Address: Memphis, TN
2019-11-25 21:58:24 INFO  Customer:131 - Account #60827 deposited $1000.0
2019-11-25 21:58:51 INFO  Customer:156 - $300.0 Transferred from Account #60827 to account number #41715
2019-11-25 21:59:18 INFO  Customer:131 - Account #41715 deposited $50.0
2019-11-25 21:59:36 INFO  Customer:114 - Account #60827 withdrew $200.0
2019-11-25 22:00:05 INFO  Customer:114 - Account #41715 withdrew $50.0
2019-11-25 22:00:21 INFO  Customer:131 - Account #41715 deposited $100.0
2019-11-25 22:00:50 INFO  Customer:156 - $69.0 Transferred from Account #41715 to account number #60827
2019-11-25 22:05:03 INFO  Customer:115 - Account #41715 withdrew $31.0
2019-11-25 22:05:11 INFO  Customer:132 - Account #41715 deposited $50.0
2019-11-25 22:11:35 INFO  NewCustomer:38 - New account created succesfully. Account ID: 0
Account Number: 54956
Account Balance: 0.0
Name: Caoio Caio
Address: Atlanta Georgia
2019-11-25 22:12:47 INFO  NewCustomer:80 - New joint account created succesfully.
Account ID: 0
Account Number: 5746
Account Balance: 0.0
Name: Daniel Prater
Address: KAnsas Mia
2019-11-25 22:13:22 INFO  Customer:132 - Account #41715 deposited $100000.0
2019-11-25 22:13:47 INFO  NewCustomer:38 - New account created succesfully. Account ID: 0
Account Number: 7376
Account Balance: 0.0
Name: 1 1
Address: 1
2019-11-25 22:14:08 INFO  Customer:115 - Account #41715 withdrew $400.0
2019-11-25 22:14:19 INFO  Customer:132 - Account #41715 deposited $900000.0
2019-11-25 22:39:41 INFO  NewCustomer:38 - New account created succesfully. Account ID: 0
Account Number: 7143
Account Balance: 0.0
Name: Ben Arethyal
Address: UK somehwer
2019-11-25 22:40:34 INFO  NewCustomer:80 - New joint account created succesfully.
Account ID: 0
Account Number: 57952
Account Balance: 0.0
Name: qwe qwe
Address: qwe place
2019-11-25 22:41:01 INFO  Customer:132 - Account #57952 deposited $500.0
2019-11-25 22:44:17 INFO  NewCustomer:38 - New account created succesfully. Account ID: 0
Account Number: 7402
Account Balance: 0.0
Name: Ben Areythal
Address: Uk Somewhere
2019-11-25 22:46:21 INFO  NewCustomer:80 - New joint account created succesfully.
Account ID: 0
Account Number: 24567
Account Balance: 0.0
Name: Eric gordon
Address: kansas
2019-11-25 22:46:59 INFO  Customer:132 - Account #24567 deposited $5000.0
2019-11-25 22:47:24 INFO  Customer:115 - Account #41715 withdrew $5000.0
2019-11-25 22:47:34 INFO  Customer:132 - Account #41715 deposited $50000.0
2019-11-25 22:48:10 INFO  Customer:162 - $500.0 Transferred from Account #41715 to account number #7402
2019-11-26 08:56:51 INFO  NewCustomer:38 - New account created succesfully. Account ID: 0
Account Number: 1116
Account Balance: 0.0
Name: Caio Last
Address: Tampa, FL
2019-11-26 09:26:35 INFO  Customer:140 - Account #1116 deposited $100.0
2019-11-26 09:26:42 INFO  Customer:123 - Account #1116 withdrew $50.0
2019-11-26 09:27:27 INFO  NewCustomer:80 - New joint account created succesfully.
Account ID: 0
Account Number: 24815
Account Balance: 0.0
Name: Ben Jamin
Address: UK Somewhere
2019-11-26 09:27:59 INFO  Customer:140 - Account #24815 deposited $5000.0
2019-11-26 09:28:38 INFO  Customer:140 - Account #24815 deposited $316.0
2019-11-26 12:41:16 INFO  NewCustomer:38 - New account created succesfully. Account ID: 0
Account Number: 15217
Account Balance: 0.0
Name: Caio Last
Address: Tampa, FL
2019-11-26 12:42:10 INFO  NewCustomer:80 - New joint account created succesfully.
Account ID: 0
Account Number: 22300
Account Balance: 0.0
Name: Ben Areythal
Address: UK, Somewhere
2019-11-26 12:42:39 INFO  Customer:140 - Account #15217 deposited $100.0
2019-11-26 12:42:47 INFO  Customer:123 - Account #15217 withdrew $50.0
2019-11-26 12:43:26 INFO  Customer:170 - $54681.0 Transferred from Account #41715 to account number #22300
2019-11-26 12:50:47 INFO  Customer:123 - Account #41715 withdrew $65.0
2019-11-26 12:51:01 INFO  Customer:123 - Account #41715 withdrew $50.0
2019-11-26 12:52:05 INFO  Customer:140 - Account #41715 deposited $54.0
2019-11-26 12:54:46 INFO  Customer:123 - Account #41715 withdrew $50.0
2019-11-26 13:24:46 INFO  NewCustomer:38 - New account created succesfully. Account ID: 0
Account Number: 18308
Account Balance: 0.0
Name: Ben Benjamin
Address: UK, Somewhere
2019-11-26 13:25:44 INFO  Customer:123 - Account #41715 withdrew $1000.0
2019-11-26 13:25:53 INFO  Customer:140 - Account #41715 deposited $2500.0
2019-11-26 13:26:54 INFO  NewCustomer:80 - New joint account created succesfully.
Account ID: 0
Account Number: 23802
Account Balance: 0.0
Name: Jonny Prater
Address: Wichita, KS
2019-11-26 13:27:28 INFO  Customer:140 - Account #23802 deposited $10000.0
2019-11-26 13:28:03 INFO  Customer:123 - Account #23802 withdrew $50.0
2019-11-26 13:28:46 INFO  Customer:170 - $450.0 Transferred from Account #23802 to account number #18308
