getinstance
init menu
Nov 22, 2019 3:55:17 PM]Opening Log-in menu
getinstance
init menu
[Fri Nov 22 15:57:35 EST 2019]Opening Log-in menu
getinstance
init menu
[Fri Nov 22 17:20:29 EST 2019] Opening Log-in menu
opening new account
[Fri Nov 22 17:20:29 EST 2019] Opening Log-in menu
[Sat Nov 23 16:36:41 EST 2019] Opening Log-in menu
[Sat Nov 23 16:39:31 EST 2019] Opening Log-in menu
[Sat Nov 23 16:40:21 EST 2019] Opening Log-in menu
[Sat Nov 23 16:42:04 EST 2019] Opening Log-in menu
[Sat Nov 23 16:44:19 EST 2019] Opening Log-in menu
[Sat Nov 23 22:59:29 EST 2019] Opening Log-in menu
[Sat Nov 23 22:59:29 EST 2019] Opening Log-in menu
[Sat Nov 23 23:01:51 EST 2019] Opening Log-in menu
[Sat Nov 23 23:01:51 EST 2019] Opening Log-in menu
[Sat Nov 23 23:01:51 EST 2019] Opening Log-in menu
[Sun Nov 24 10:39:36 EST 2019] Opening Log-in menu
[Sun Nov 24 10:39:36 EST 2019] Opening Log-in menu
[Sun Nov 24 10:39:36 EST 2019] Opening Log-in menu
[Sun Nov 24 10:44:59 EST 2019] Opening Log-in menu
[Sun Nov 24 10:44:59 EST 2019] Opening Log-in menu
[Sun Nov 24 10:51:59 EST 2019] Opening Log-in menu
[Sun Nov 24 10:51:59 EST 2019] Opening Log-in menu
[Sun Nov 24 10:57:56 EST 2019] Opening Log-in menu
[Sun Nov 24 10:57:56 EST 2019] Opening Log-in menu
[Sun Nov 24 11:02:36 EST 2019] Opening Log-in menu
[Sun Nov 24 11:02:36 EST 2019] Opening Log-in menu
[Sun Nov 24 11:02:36 EST 2019] Opening Log-in menu
[Sun Nov 24 11:02:36 EST 2019] Opening Log-in menu
