2019-11-14 15:49:53 INFO  Menus:19 - Client logged in.
2019-11-15 01:14:46 INFO  Menus:32 - Application exit.
2019-11-15 01:16:23 INFO  Menus:19 - Client logged in.
2019-11-15 01:16:28 INFO  Menus:32 - Application exit.
2019-11-15 12:30:08 INFO  Menus:29 - New user account created.
2019-11-15 12:31:00 INFO  Menus:29 - New user account created.
2019-11-17 17:41:21 INFO  BankDriver:164 - Application exit.
2019-11-17 21:48:20 INFO  BankDriver:167 - New user account created.
2019-11-17 22:33:47 INFO  BankDriver:179 - New user account created.
2019-11-17 22:36:04 INFO  BankDriver:181 - New user account created.
2019-11-17 22:47:33 INFO  BankDriver:185 - Application exit.
2019-11-17 22:51:25 INFO  BankDriver:182 - New user account created.
2019-11-18 10:49:51 INFO  BankDriver:185 - New user account created.
2019-11-18 11:07:59 INFO  BankDriver:185 - New user account created.
2019-11-18 11:32:01 INFO  BankDriver:185 - New user account created.
2019-11-18 12:10:22 INFO  BankDriver:217 - Admin Bob Smith logged in.
2019-11-18 12:10:36 INFO  BankDriver:217 - Admin Bob Smith logged in.
2019-11-18 12:12:11 INFO  BankDriver:217 - Admin Bob Smith logged in.
2019-11-18 12:13:33 INFO  BankDriver:217 - Admin Bob Smith logged in.
2019-11-18 12:14:12 INFO  BankDriver:217 - Admin Bob Smith logged in.
2019-11-18 12:14:14 INFO  BankDriver:217 - Admin Bob Smith logged in.
2019-11-18 12:14:14 INFO  BankDriver:217 - Admin Bob Smith logged in.
2019-11-18 12:14:14 INFO  BankDriver:217 - Admin Bob Smith logged in.
2019-11-18 12:14:14 INFO  BankDriver:217 - Admin Bob Smith logged in.
2019-11-18 12:14:15 INFO  BankDriver:217 - Admin Bob Smith logged in.
2019-11-18 12:14:15 INFO  BankDriver:217 - Admin Bob Smith logged in.
2019-11-18 12:14:15 INFO  BankDriver:217 - Admin Bob Smith logged in.
2019-11-18 12:14:15 INFO  BankDriver:217 - Admin Bob Smith logged in.
2019-11-18 12:14:15 INFO  BankDriver:217 - Admin Bob Smith logged in.
2019-11-18 12:14:16 INFO  BankDriver:217 - Admin Bob Smith logged in.
2019-11-18 12:14:16 INFO  BankDriver:217 - Admin Bob Smith logged in.
2019-11-18 12:14:16 INFO  BankDriver:217 - Admin Bob Smith logged in.
2019-11-18 12:14:16 INFO  BankDriver:217 - Admin Bob Smith logged in.
2019-11-18 12:14:16 INFO  BankDriver:217 - Admin Bob Smith logged in.
2019-11-18 12:14:17 INFO  BankDriver:217 - Admin Bob Smith logged in.
2019-11-18 12:14:17 INFO  BankDriver:217 - Admin Bob Smith logged in.
2019-11-18 12:14:17 INFO  BankDriver:217 - Admin Bob Smith logged in.
2019-11-18 12:14:17 INFO  BankDriver:217 - Admin Bob Smith logged in.
2019-11-18 12:14:17 INFO  BankDriver:217 - Admin Bob Smith logged in.
2019-11-18 12:14:18 INFO  BankDriver:217 - Admin Bob Smith logged in.
2019-11-18 12:14:18 INFO  BankDriver:217 - Admin Bob Smith logged in.
2019-11-18 12:14:18 INFO  BankDriver:217 - Admin Bob Smith logged in.
2019-11-18 12:14:18 INFO  BankDriver:217 - Admin Bob Smith logged in.
2019-11-18 12:14:18 INFO  BankDriver:217 - Admin Bob Smith logged in.
2019-11-18 12:14:19 INFO  BankDriver:217 - Admin Bob Smith logged in.
2019-11-18 12:14:19 INFO  BankDriver:217 - Admin Bob Smith logged in.
2019-11-18 12:14:19 INFO  BankDriver:217 - Admin Bob Smith logged in.
2019-11-18 12:14:19 INFO  BankDriver:217 - Admin Bob Smith logged in.
2019-11-18 12:14:19 INFO  BankDriver:217 - Admin Bob Smith logged in.
2019-11-18 12:14:20 INFO  BankDriver:217 - Admin Bob Smith logged in.
2019-11-18 12:14:20 INFO  BankDriver:217 - Admin Bob Smith logged in.
2019-11-18 12:14:20 INFO  BankDriver:217 - Admin Bob Smith logged in.
2019-11-18 12:14:20 INFO  BankDriver:217 - Admin Bob Smith logged in.
2019-11-18 12:14:20 INFO  BankDriver:217 - Admin Bob Smith logged in.
2019-11-18 12:14:21 INFO  BankDriver:217 - Admin Bob Smith logged in.
2019-11-18 12:14:21 INFO  BankDriver:217 - Admin Bob Smith logged in.
2019-11-18 12:14:21 INFO  BankDriver:217 - Admin Bob Smith logged in.
2019-11-18 12:14:21 INFO  BankDriver:217 - Admin Bob Smith logged in.
2019-11-18 12:14:21 INFO  BankDriver:217 - Admin Bob Smith logged in.
2019-11-18 12:14:22 INFO  BankDriver:217 - Admin Bob Smith logged in.
2019-11-18 12:14:22 INFO  BankDriver:217 - Admin Bob Smith logged in.
2019-11-18 12:14:22 INFO  BankDriver:217 - Admin Bob Smith logged in.
2019-11-18 12:14:22 INFO  BankDriver:217 - Admin Bob Smith logged in.
2019-11-18 12:14:22 INFO  BankDriver:217 - Admin Bob Smith logged in.
2019-11-18 12:14:23 INFO  BankDriver:217 - Admin Bob Smith logged in.
2019-11-18 12:14:23 INFO  BankDriver:217 - Admin Bob Smith logged in.
2019-11-18 12:14:23 INFO  BankDriver:217 - Admin Bob Smith logged in.
2019-11-18 12:14:23 INFO  BankDriver:217 - Admin Bob Smith logged in.
2019-11-18 12:14:23 INFO  BankDriver:217 - Admin Bob Smith logged in.
2019-11-18 12:14:24 INFO  BankDriver:217 - Admin Bob Smith logged in.
2019-11-18 12:14:24 INFO  BankDriver:217 - Admin Bob Smith logged in.
2019-11-18 12:14:24 INFO  BankDriver:217 - Admin Bob Smith logged in.
2019-11-18 12:14:24 INFO  BankDriver:217 - Admin Bob Smith logged in.
2019-11-18 12:14:24 INFO  BankDriver:217 - Admin Bob Smith logged in.
2019-11-18 12:14:25 INFO  BankDriver:217 - Admin Bob Smith logged in.
2019-11-18 12:14:25 INFO  BankDriver:217 - Admin Bob Smith logged in.
2019-11-18 12:14:25 INFO  BankDriver:217 - Admin Bob Smith logged in.
2019-11-18 15:16:22 INFO  BankDriver:213 - Admin Bob Smith logged in.
2019-11-18 15:22:15 INFO  BankDriver:213 - Admin Bob Smith logged in.
2019-11-18 15:23:43 INFO  BankDriver:185 - New user account created.
2019-11-18 15:26:27 INFO  BankDriver:185 - New user account created.
2019-11-18 15:28:39 INFO  BankDriver:185 - New user account created.
2019-11-18 15:35:21 INFO  BankDriver:315 - Client c m logged in.
2019-11-18 15:36:07 INFO  BankDriver:213 - Admin Bob Smith logged in.
2019-11-18 15:37:26 INFO  BankDriver:185 - New user account created.
2019-11-18 15:38:02 INFO  BankDriver:296 - Employee BobSmith logged in.
2019-11-18 15:39:14 INFO  BankDriver:315 - Client c m logged in.
2019-11-18 15:39:17 INFO  BankDriver:189 - Application exit.
2019-11-18 15:48:53 INFO  BankDriver:187 - New user account created.
2019-11-18 15:50:33 INFO  BankDriver:187 - New user account created.
2019-11-18 15:51:09 INFO  BankDriver:215 - Admin Bob Smith logged in.
2019-11-18 15:51:16 INFO  BankDriver:191 - Application exit.
2019-11-18 15:52:32 INFO  BankDriver:317 - Client null null logged in.
2019-11-18 15:52:35 INFO  BankDriver:191 - Application exit.
2019-11-18 15:58:32 INFO  BankDriver:317 - Client null null logged in.
2019-11-18 15:58:35 INFO  BankDriver:191 - Application exit.
2019-11-18 16:09:30 INFO  BankDriver:187 - New user account created.
2019-11-18 16:11:34 INFO  BankDriver:187 - New user account created.
2019-11-18 16:12:21 INFO  BankDriver:215 - Admin Bob Smith logged in.
2019-11-18 16:12:51 INFO  BankDriver:406 - Deposit made to 8 of $150.5
2019-11-18 16:13:06 INFO  BankDriver:317 - Client Jane Doe logged in.
2019-11-18 16:13:09 INFO  BankDriver:191 - Application exit.
2019-11-18 16:13:49 INFO  BankDriver:317 - Client null null logged in.
2019-11-18 16:13:53 INFO  BankDriver:191 - Application exit.
