inside mainPresentation
inside mainMenu
inside validateOption
inside mainPresentation
inside mainMenu
inside validateOption
inside mainPresentation
inside mainMenu
inside validateOption
inside registerCustomer
inside registerMenu
inside validateOption
inside readCredentiales
inside mainPresentation
inside mainMenu
inside validateOption
inside registerCustomer
inside registerMenu
inside validateOption
inside readCredentiales
inside mainPresentation
inside mainMenu
inside validateOption
inside registerCustomer
inside registerMenu
inside validateOption
inside readCredentiales
inside Controller createAccount
inside Controller generateAccount
inside Controller existAccount
inside Store existAccount
inside Store readAccountFile
inside Store addCustomer
inside Store readCustomerFile
inside Store writeCustomerFile
inside Store addAccount
inside Store readAccountFile
inside Store writeAccountFile
inside mainMenu
inside validateOption
