9397Customer Login Successful
9397Customer Login Successful
Register  -- Single v to Exclusive Bank
Register  -- Single v to Exclusive Bank
Register  -- Single 1 to Exclusive Bank
Register  -- Single 1 to Exclusive Bank
Register  -- Single v to Exclusive Bank
Register  -- Single v to Exclusive Bank
Register  -- Single v to Exclusive Bank
Admin -- Successful login
Admin -- Successful login
Admin -- Print 6156 information
Admin -- Successful login
Admin -- Successful login
Admin -- Successful login
Admin -- Print 6156 information
Admin -- Successful login
Admin -- Print 6156 information
Admin -- Successful login
Admin -- Print 6156 information
Admin -- Successful login
Admin -- Print 6156 information
Admin -- Successful login
Admin -- Print 6156 information
Admin -- Successful login
Register  -- Single larson to Exclusive Bank
Admin -- Successful login
Admin -- Print 9610 information
Error!!!!
Admin -- Successful login
Admin -- Print 9610 information
Employee Login Successful
Employee Login Successful
Employee Login Successful
Employee Login Successful
Employee Login Successful
Admin -- Successful login
Admin -- Successful login
Admin -- Removed 6156 from Exclusive Bank
Admin -- Successful login
Admin -- Removed 9397 from Exclusive Bank
Employee Login Successful
Approved new Account!!
Employee Login Successful
Approved new Account!!
Admin -- Successful login
Admin -- Removed 353 from Exclusive Bank
Admin -- Successful login
Admin -- Removed 9610 from Exclusive Bank
Register  -- Single k to Exclusive Bank
Employee Login Successful
Employee Login Successful
Approved new Account!!
Admin -- Successful login
Register  -- Single p to Exclusive Bank
Admin -- Successful login
Admin -- Removed 7603 from Exclusive Bank
Admin -- Successful login
Admin -- Removed 3851 from Exclusive Bank
Admin -- Successful login
Admin -- Successful login
Register  -- Single v to Exclusive Bank
Employee Login Successful
Employee Login Successful
Approved new Account!!
Admin -- Successful login
Admin -- Removed 2449 from Exclusive Bank
Register  -- Single larson to Exclusive Bank
Register  -- joint v & s to Exclusive Bank
Employee Login Successful
Approved new Account!!
Employee Login Successful
Approved new Account!!
Employee Login Successful
Approved new Account!!
Admin -- Successful login
Admin -- Removed 9571 from Exclusive Bank
Admin -- Successful login
Admin -- Removed 9571 from Exclusive Bank
Admin -- Successful login
Admin -- Print 5101 information
Admin -- Successful login
Admin -- Print 5101 information
Admin -- Successful login
Admin -- Print 5101 information
Admin -- Successful login
Admin -- Removed 5101 from Exclusive Bank
Register  -- Single larson to Exclusive Bank
Employee Login Successful
Approved new Account!!
Admin -- Successful login
Admin -- Successful login
Register  -- Single victory to Exclusive Bank
Employee Login Successful
Approved new Account!!
Employee Login Successful
Employee Login Successful
Employee Login Successful
Admin -- Successful login
Admin -- Successful login
Admin -- Successful login
Register  -- Single sadie to Exclusive Bank
Employee Login Successful
Employee Login Successful
Approved new Account!!
Employee Login Successful
Admin -- Successful login
Admin -- Removed 9759 from Exclusive Bank
Register  -- Single sadie to Exclusive Bank
Employee Login Successful
Approved new Account!!
Admin -- Successful login
Admin -- Successful login
Employee Login Successful
Employee Login Successful
Admin -- Successful login
Register  -- Single victory to Exclusive Bank
Admin -- Successful login
Admin -- Successful login
Admin -- Successful login
Approved new Account!!
Admin -- Successful login
Admin -- Removed 4591 from Exclusive Bank
Register  -- Single sadie to Exclusive Bank
Employee Login Successful
Approved new Account!!
Error!!!!
Error!!!!
Error!!!!
3896Customer Login Successful
Error!!!!
3896Customer Login Successful
3896Customer Login Successful
Register  -- Single sad to Exclusive Bank
Employee Login Successful
Approved new Account!!
Error!!!!
3896Customer Login Successful
3896Customer Login Successful
3896Customer Login Successful
3896Customer Login Successful
3896Customer Login Successful
Register  -- Single Rev to Exclusive Bank
Register  -- joint Rev & victory to Exclusive Bank
Employee Login Successful
Approved new Account!!
Employee Login Successful
Employee Login Successful
Register  -- Single Hi to Exclusive Bank
Admin -- Successful login
Admin -- Successful login
Decline new Account!!
Admin -- Successful login
Admin -- Print 87 information
Admin -- Successful login
Admin -- Removed 87 from Exclusive Bank
Error!!!!
3896Customer Login Successful
3896Customer Login Successful
3896Customer Login Successful
Employee Login Successful
Approved new Account!!
Employee Login Successful
Approved new Account!!
Employee Login Successful
Approved new Account!!
3896Customer Login Successful
3896Customer Login Successful
Employee Login Successful
Approved new Account!!
3896Customer Login Successful
3896Customer Login Successful
Customer -- Withdrew money98990
3896Customer Login Successful
Employee Login Successful
Approved new Account!!
Employee Login Successful
Employee Login Successful
Employee Login Successful
Decline new Account!!
Employee Login Successful
Admin -- Successful login
Admin -- Successful login
Approved new Account!!
Admin -- Successful login
Admin -- Successful login
Admin -- Successful login
Register  -- Single dd to Exclusive Bank
Admin -- Successful login
Approved new Account!!
Admin -- Successful login
Admin -- Successful login
Admin -- Print 3896 information
Admin -- Successful login
3896Customer Login Successful
3896Customer Login Successful
3896Customer Login Successful
3896Customer Login Successful
3896Customer Login Successful
3896Customer Login Successful
Register  -- joint dtngo & dtngo2 to Exclusive Bank
Admin -- Successful login
Admin -- Successful login
Approved new Account!!
Admin -- Successful login
Admin -- Successful login
Admin -- Successful login
Admin -- Successful login
Register  -- Single asd to Exclusive Bank
Admin -- Successful login
Admin -- Successful login
Admin -- Successful login
Admin -- Successful login
Admin -- Print 3896 information
Admin -- Successful login
Admin -- Print 3735 information
Admin -- Successful login
Decline new Account!!
Error!!!!
3896Customer Login Successful
Employee Login Successful
3896Customer Login Successful
Error!!!!
Error!!!!
Error!!!!
Error!!!!
Error!!!!
Error!!!!
Login Error!!!!
Login Error!!!!
Login Error!!!!
Login Error!!!!
Login Error!!!!
3896Customer Login Successful
3896Customer Login Successful
Login Error!!!!
Login Error!!!!
3896Customer Login Successful
Login Error!!!!
Login Error!!!!
305Customer Login Successful
3896Customer Login Successful
3896Customer Login Successful
3896Customer Login Successful
Customer -- Transfer money to sadie amount: 10000
3896Customer Login Successful
Customer -- Transfer money to sadie amount: 10000
3896Customer Login Successful
3896Customer Login Successful
Customer -- Transfer money to dtngo amount: 10000
305Customer Login Successful
Admin -- Successful login
Employee Login Successful
Employee Login Successful
Register  -- Single b to Exclusive Bank
Admin -- Successful login
Approved new Account!!
